<?xml version="1.0" encoding="UTF-8"?>
<!-- Generated by org.testng.reporters.JUnitReportReporter -->
<testsuite skipped="0" hostname="HP" name="PracticeTest.TestCaseOne" tests="3" failures="0" timestamp="2023-08-27T12:38:16 IST" time="0.036" errors="0">
  <testcase name="CloginPgverify3" time="0.003" classname="PracticeTest.TestCaseOne"/>
  <system-out/>
  <testcase name="AloginPgverify2" time="0.031" classname="PracticeTest.TestCaseOne"/>
  <system-out/>
  <testcase name="BloginPgverify1" time="0.002" classname="PracticeTest.TestCaseOne"/>
  <system-out/>
</testsuite> <!-- PracticeTest.TestCaseOne -->
